<?xml version="1.0" encoding="UTF-8"?>
<testng-results ignored="1" total="2" passed="1" failed="0" skipped="0">
  <reporter-output>
  </reporter-output>
  <suite started-at="2024-04-30T11:35:35 IST" name="Default suite" finished-at="2024-04-30T11:35:36 IST" duration-ms="969">
    <groups>
    </groups>
    <test started-at="2024-04-30T11:35:35 IST" name="Default test" finished-at="2024-04-30T11:35:36 IST" duration-ms="969">
      <class name="JDBC.JDBCConnection">
        <test-method signature="testJDBC()[pri:0, instance:JDBC.JDBCConnection@1de76cc7]" started-at="2024-04-30T11:35:35 IST" name="testJDBC" finished-at="2024-04-30T11:35:36 IST" duration-ms="837" status="PASS">
          <reporter-output>
          </reporter-output>
        </test-method> <!-- testJDBC -->
      </class> <!-- JDBC.JDBCConnection -->
    </test> <!-- Default test -->
  </suite> <!-- Default suite -->
</testng-results>
